# JRE version: OpenJDK Runtime Environment (17.0.9) (build 17.0.9+0--11185874)
# Java VM: OpenJDK 64-Bit Server VM (17.0.9+0--11185874, mixed mode, tiered, compressed oops, compressed class ptrs, g1 gc, windows-amd64)
GC Precious Log:
 CPUs: 12 total, 12 available
 Memory: 15722M
 Large Page Support: Disabled
 NUMA Support: Disabled
 Compressed Oops: Enabled (32-bit)
 Heap Region Size: 1M
 Heap Min Capacity: 8M
 Heap Initial Capacity: 246M
 Heap Max Capacity: 2G
 Pre-touch: Disabled
 Parallel Workers: 10
 Concurrent Workers: 3
 Concurrent Refinement Workers: 10
 Periodic GC: Disabled
Heap:
 garbage-first heap   total 256000K, used 149276K [0x0000000080000000, 0x0000000100000000)
  region size 1024K, 2 young (2048K), 2 survivors (2048K)
 Metaspace       used 107071K, committed 107840K, reserved 1179648K
  class space    used 14769K, committed 15168K, reserved 1048576K
GC Heap History (20 events):
Event: 14.103 GC heap after
{Heap after GC invocations=35 (full 0):
 garbage-first heap   total 163840K, used 93413K [0x0000000080000000, 0x0000000100000000)
  region size 1024K, 5 young (5120K), 5 survivors (5120K)
 Metaspace       used 96024K, committed 96768K, reserved 1179648K
  class space    used 13320K, committed 13696K, reserved 1048576K
}
Event: 14.657 GC heap before
{Heap before GC invocations=35 (full 0):
 garbage-first heap   total 163840K, used 138469K [0x0000000080000000, 0x0000000100000000)
  region size 1024K, 49 young (50176K), 5 survivors (5120K)
 Metaspace       used 99703K, committed 100416K, reserved 1179648K
  class space    used 13788K, committed 14144K, reserved 1048576K
}
Event: 14.662 GC heap after
{Heap after GC invocations=36 (full 0):
 garbage-first heap   total 163840K, used 96617K [0x0000000080000000, 0x0000000100000000)
  region size 1024K, 6 young (6144K), 6 survivors (6144K)
 Metaspace       used 99703K, committed 100416K, reserved 1179648K
  class space    used 13788K, committed 14144K, reserved 1048576K
}
Event: 14.961 GC heap before
{Heap before GC invocations=36 (full 0):
 garbage-first heap   total 163840K, used 132457K [0x0000000080000000, 0x0000000100000000)
  region size 1024K, 38 young (38912K), 6 survivors (6144K)
 Metaspace       used 102305K, committed 102976K, reserved 1179648K
  class space    used 14029K, committed 14336K, reserved 1048576K
}
Event: 14.966 GC heap after
{Heap after GC invocations=37 (full 0):
 garbage-first heap   total 163840K, used 100122K [0x0000000080000000, 0x0000000100000000)
  region size 1024K, 6 young (6144K), 6 survivors (6144K)
 Metaspace       used 102305K, committed 102976K, reserved 1179648K
  class space    used 14029K, committed 14336K, reserved 1048576K
}
Event: 15.475 GC heap before
{Heap before GC invocations=38 (full 0):
 garbage-first heap   total 174080K, used 136986K [0x0000000080000000, 0x0000000100000000)
  region size 1024K, 42 young (43008K), 6 survivors (6144K)
 Metaspace       used 104207K, committed 104960K, reserved 1179648K
  class space    used 14448K, committed 14784K, reserved 1048576K
}
Event: 15.484 GC heap after
{Heap after GC invocations=39 (full 0):
 garbage-first heap   total 174080K, used 106278K [0x0000000080000000, 0x0000000100000000)
  region size 1024K, 6 young (6144K), 6 survivors (6144K)
 Metaspace       used 104207K, committed 104960K, reserved 1179648K
  class space    used 14448K, committed 14784K, reserved 1048576K
}
Event: 15.494 GC heap before
{Heap before GC invocations=39 (full 0):
 garbage-first heap   total 174080K, used 108326K [0x0000000080000000, 0x0000000100000000)
  region size 1024K, 8 young (8192K), 6 survivors (6144K)
 Metaspace       used 104247K, committed 105088K, reserved 1179648K
  class space    used 14460K, committed 14848K, reserved 1048576K
}
Event: 15.498 GC heap after
{Heap after GC invocations=40 (full 0):
 garbage-first heap   total 174080K, used 105571K [0x0000000080000000, 0x0000000100000000)
  region size 1024K, 1 young (1024K), 1 survivors (1024K)
 Metaspace       used 104247K, committed 105088K, reserved 1179648K
  class space    used 14460K, committed 14848K, reserved 1048576K
}
Event: 15.860 GC heap before
{Heap before GC invocations=40 (full 0):
 garbage-first heap   total 174080K, used 142435K [0x0000000080000000, 0x0000000100000000)
  region size 1024K, 38 young (38912K), 1 survivors (1024K)
 Metaspace       used 104690K, committed 105472K, reserved 1179648K
  class space    used 14538K, committed 14912K, reserved 1048576K
}
Event: 15.865 GC heap after
{Heap after GC invocations=41 (full 0):
 garbage-first heap   total 174080K, used 108739K [0x0000000080000000, 0x0000000100000000)
  region size 1024K, 5 young (5120K), 5 survivors (5120K)
 Metaspace       used 104690K, committed 105472K, reserved 1179648K
  class space    used 14538K, committed 14912K, reserved 1048576K
}
Event: 16.503 GC heap before
{Heap before GC invocations=41 (full 0):
 garbage-first heap   total 174080K, used 142531K [0x0000000080000000, 0x0000000100000000)
  region size 1024K, 39 young (39936K), 5 survivors (5120K)
 Metaspace       used 106825K, committed 107584K, reserved 1179648K
  class space    used 14775K, committed 15168K, reserved 1048576K
}
Event: 16.507 GC heap after
{Heap after GC invocations=42 (full 0):
 garbage-first heap   total 174080K, used 112261K [0x0000000080000000, 0x0000000100000000)
  region size 1024K, 5 young (5120K), 5 survivors (5120K)
 Metaspace       used 106825K, committed 107584K, reserved 1179648K
  class space    used 14775K, committed 15168K, reserved 1048576K
}
Event: 16.977 GC heap before
{Heap before GC invocations=42 (full 0):
 garbage-first heap   total 174080K, used 142981K [0x0000000080000000, 0x0000000100000000)
  region size 1024K, 36 young (36864K), 5 survivors (5120K)
 Metaspace       used 106963K, committed 107776K, reserved 1179648K
  class space    used 14776K, committed 15168K, reserved 1048576K
}
Event: 16.985 GC heap after
{Heap after GC invocations=43 (full 0):
 garbage-first heap   total 174080K, used 128154K [0x0000000080000000, 0x0000000100000000)
  region size 1024K, 5 young (5120K), 5 survivors (5120K)
 Metaspace       used 106963K, committed 107776K, reserved 1179648K
  class space    used 14776K, committed 15168K, reserved 1048576K
}
Event: 17.274 GC heap before
{Heap before GC invocations=43 (full 0):
 garbage-first heap   total 174080K, used 144538K [0x0000000080000000, 0x0000000100000000)
  region size 1024K, 21 young (21504K), 5 survivors (5120K)
 Metaspace       used 107049K, committed 107840K, reserved 1179648K
  class space    used 14776K, committed 15168K, reserved 1048576K
}
Event: 17.280 GC heap after
{Heap after GC invocations=44 (full 0):
 garbage-first heap   total 174080K, used 135168K [0x0000000080000000, 0x0000000100000000)
  region size 1024K, 3 young (3072K), 3 survivors (3072K)
 Metaspace       used 107049K, committed 107840K, reserved 1179648K
  class space    used 14776K, committed 15168K, reserved 1048576K
}
Event: 17.440 GC heap before
{Heap before GC invocations=45 (full 0):
 garbage-first heap   total 256000K, used 155648K [0x0000000080000000, 0x0000000100000000)
  region size 1024K, 15 young (15360K), 3 survivors (3072K)
 Metaspace       used 107040K, committed 107840K, reserved 1179648K
  class space    used 14769K, committed 15168K, reserved 1048576K
}
Event: 17.447 GC heap after
{Heap after GC invocations=46 (full 0):
 garbage-first heap   total 256000K, used 146432K [0x0000000080000000, 0x0000000100000000)
  region size 1024K, 2 young (2048K), 2 survivors (2048K)
 Metaspace       used 107040K, committed 107840K, reserved 1179648K
  class space    used 14769K, committed 15168K, reserved 1048576K
}
Event: 17.601 GC heap before
{Heap before GC invocations=46 (full 0):
 garbage-first heap   total 256000K, used 156672K [0x0000000080000000, 0x0000000100000000)
  region size 1024K, 12 young (12288K), 2 survivors (2048K)
 Metaspace       used 107071K, committed 107840K, reserved 1179648K
  class space    used 14769K, committed 15168K, reserved 1048576K
}

